<?xml version="1.0" encoding="UTF-8" ?>
<testsuite tests="6" failures="0" name="org.test.gilmar.ClienteTest" time="0.046" errors="0" skipped="0">
  <properties>
[...]
</properties>
  <testcase classname="org.test.gilmar.ClienteTest" name="testaNacionalidade" time="0.008"/>
  <testcase classname="org.test.gilmar.ClienteTest" name="validaEstadoCivil1" time="0"/>
  <testcase classname="org.test.gilmar.ClienteTest" name="validaEstadoCivil2" time="0"/>
  <testcase classname="org.test.gilmar.ClienteTest" name="validaIdade" time="0.038"/>
  <testcase classname="org.test.gilmar.ClienteTest" name="validaEstadoCivil" time="0"/>
  <testcase classname="org.test.gilmar.ClienteTest" name="testaDataInvalida" time="0"/>
</testsuite>