<?xml version="1.0" encoding="UTF-8" ?>
<testsuite tests="16" failures="0" name="org.test.ClienteTest" time="0.086" errors="0" skipped="0">
  <properties>
[...]
</properties>
  <testcase classname="org.test.ClienteTest" name="testaSexoInvalidoF" time="0.011"/>
  <testcase classname="org.test.ClienteTest" name="testaSexoInvalidoM" time="0"/>
  <testcase classname="org.test.ClienteTest" name="testaNacionalidadeBr" time="0.001"/>
  <testcase classname="org.test.ClienteTest" name="testaNacionalidadeEs" time="0"/>
  <testcase classname="org.test.ClienteTest" name="testaCpf" time="0.004"/>
  <testcase classname="org.test.ClienteTest" name="testaIdadeInvalidaInferior" time="0.062"/>
  <testcase classname="org.test.ClienteTest" name="testaPassaporteInvalido" time="0.002"/>
  <testcase classname="org.test.ClienteTest" name="testaNacionalidadeInvalida" time="0"/>
  <testcase classname="org.test.ClienteTest" name="testaDataInvalida" time="0.002"/>
  <testcase classname="org.test.ClienteTest" name="testaCpfInvalido" time="0.001"/>
  <testcase classname="org.test.ClienteTest" name="testaEstadoCivilInvalido" time="0.001"/>
  <testcase classname="org.test.ClienteTest" name="testaIdadeInvalidaSuperior" time="0"/>
  <testcase classname="org.test.ClienteTest" name="testaIdade" time="0"/>
  <testcase classname="org.test.ClienteTest" name="testaSexoF" time="0.001"/>
  <testcase classname="org.test.ClienteTest" name="testaSexoM" time="0.001"/>
  <testcase classname="org.test.ClienteTest" name="testaPassaporte" time="0"/>
</testsuite>